<?xml version="1.0" encoding="UTF-8"?>
<testsuite xmlns:xsi="http://www.w3.org/2001/XMLSchema-instance" xsi:noNamespaceSchemaLocation="https://maven.apache.org/surefire/maven-surefire-plugin/xsd/surefire-test-report.xsd" name="com.pingan.SpringbootFileApplicationTests" time="3.785" tests="2" errors="0" skipped="0" failures="0">
  <properties>
[...]
</properties>
  <testcase name="t" classname="com.pingan.SpringbootFileApplicationTests" time="0.459"/>
  <testcase name="test" classname="com.pingan.SpringbootFileApplicationTests" time="0.004"/>
</testsuite>